
  .   ____          _            __ _ _
 /\\ / ___'_ __ _ _(_)_ __  __ _ \ \ \ \
( ( )\___ | '_ | '_| | '_ \/ _` | \ \ \ \
 \\/  ___)| |_)| | | | | || (_| |  ) ) ) )
  '  |____| .__|_| |_|_| |_\__, | / / / /
 =========|_|==============|___/=/_/_/_/

 :: Spring Boot ::                (v3.3.5)

{"@timestamp":"2026-06-29T18:36:16.3448684+07:00","level":"INFO","thread_name":"main","logger_name":"com.mtv.be.shopme.ShopmeApplicationKt","message":"Starting ShopmeApplicationKt v0.0.1-SNAPSHOT using Java 17.0.12 with PID 23900 (D:\\Work\\Pribadi\\BackendProject\\shopme-backend\\shopme-app\\target\\shopme-app-0.0.1-SNAPSHOT.jar started by dedyw in D:\\Work\\Pribadi\\AndroidProject\\shopme-app)"}
{"@timestamp":"2026-06-29T18:36:16.346005+07:00","level":"INFO","thread_name":"main","logger_name":"com.mtv.be.shopme.ShopmeApplicationKt","message":"The following 1 profile is active: \"dev\""}
{"@timestamp":"2026-06-29T18:36:18.2026287+07:00","level":"INFO","thread_name":"main","logger_name":"org.springframework.data.repository.config.RepositoryConfigurationDelegate","message":"Multiple Spring Data modules found, entering strict repository configuration mode"}
{"@timestamp":"2026-06-29T18:36:18.2026287+07:00","level":"INFO","thread_name":"main","logger_name":"org.springframework.data.repository.config.RepositoryConfigurationDelegate","message":"Bootstrapping Spring Data JPA repositories in DEFAULT mode."}
{"@timestamp":"2026-06-29T18:36:18.5896916+07:00","level":"INFO","thread_name":"main","logger_name":"org.springframework.data.repository.config.RepositoryConfigurationDelegate","message":"Finished Spring Data repository scanning in 368 ms. Found 27 JPA repository interfaces."}
{"@timestamp":"2026-06-29T18:36:19.874818+07:00","level":"INFO","thread_name":"main","logger_name":"org.springframework.data.repository.config.RepositoryConfigurationDelegate","message":"Multiple Spring Data modules found, entering strict repository configuration mode"}
{"@timestamp":"2026-06-29T18:36:19.8767226+07:00","level":"INFO","thread_name":"main","logger_name":"org.springframework.data.repository.config.RepositoryConfigurationDelegate","message":"Bootstrapping Spring Data Redis repositories in DEFAULT mode."}
{"@timestamp":"2026-06-29T18:36:19.9108114+07:00","level":"INFO","thread_name":"main","logger_name":"org.springframework.data.repository.config.RepositoryConfigurationDelegate","message":"Finished Spring Data repository scanning in 18 ms. Found 0 Redis repository interfaces."}
{"@timestamp":"2026-06-29T18:36:21.6431251+07:00","level":"INFO","thread_name":"main","logger_name":"org.springframework.boot.web.embedded.tomcat.TomcatWebServer","message":"Tomcat initialized with port 8080 (http)"}
{"@timestamp":"2026-06-29T18:36:21.7518696+07:00","level":"INFO","thread_name":"main","logger_name":"org.springframework.boot.web.servlet.context.ServletWebServerApplicationContext","message":"Root WebApplicationContext: initialization completed in 5300 ms"}
{"@timestamp":"2026-06-29T18:36:24.8825757+07:00","level":"INFO","thread_name":"main","logger_name":"org.springframework.orm.jpa.persistenceunit.SpringPersistenceUnitInfo","message":"No LoadTimeWeaver setup: ignoring JPA class transformer"}
{"@timestamp":"2026-06-29T18:36:27.2228307+07:00","level":"INFO","thread_name":"main","logger_name":"org.springframework.orm.jpa.LocalContainerEntityManagerFactoryBean","message":"Initialized JPA EntityManagerFactory for persistence unit 'default'"}
{"@timestamp":"2026-06-29T18:36:27.9274524+07:00","level":"INFO","thread_name":"main","logger_name":"org.springframework.data.jpa.repository.query.QueryEnhancerFactory","message":"Hibernate is in classpath; If applicable, HQL parser will be used."}
{"@timestamp":"2026-06-29T18:36:29.4725805+07:00","level":"INFO","thread_name":"main","logger_name":"org.springframework.security.config.annotation.authentication.configuration.InitializeUserDetailsBeanManagerConfigurer$InitializeUserDetailsManagerConfigurer","message":"Global AuthenticationManager configured with UserDetailsService bean with name customUserDetailsService"}
{"@timestamp":"2026-06-29T18:36:31.0471189+07:00","level":"WARN","thread_name":"main","logger_name":"org.springframework.boot.web.servlet.context.AnnotationConfigServletWebServerApplicationContext","message":"Exception encountered during context initialization - cancelling refresh attempt: org.springframework.beans.factory.UnsatisfiedDependencyException: Error creating bean with name 'splashController' defined in URL [jar:nested:/D:/Work/Pribadi/BackendProject/shopme-backend/shopme-app/target/shopme-app-0.0.1-SNAPSHOT.jar/!BOOT-INF/lib/shopme-auth-0.0.1-SNAPSHOT.jar!/com/mtv/be/auth/controller/SplashController.class]: Unsatisfied dependency expressed through constructor parameter 0: Error creating bean with name 'customerService' defined in URL [jar:nested:/D:/Work/Pribadi/BackendProject/shopme-backend/shopme-app/target/shopme-app-0.0.1-SNAPSHOT.jar/!BOOT-INF/lib/shopme-core-0.0.1-SNAPSHOT.jar!/com/mtv/be/core/service/CustomerService.class]: Unsatisfied dependency expressed through constructor parameter 9: Error creating bean with name 'minioMediaAssetService' defined in URL [jar:nested:/D:/Work/Pribadi/BackendProject/shopme-backend/shopme-app/target/shopme-app-0.0.1-SNAPSHOT.jar/!BOOT-INF/lib/shopme-core-0.0.1-SNAPSHOT.jar!/com/mtv/be/core/media/MinioMediaAssetService.class]: Unsatisfied dependency expressed through constructor parameter 0: Error creating bean with name 'minioClient' defined in class path resource [com/mtv/be/core/media/MediaStorageConfig.class]: Unsatisfied dependency expressed through method 'minioClient' parameter 0: Error creating bean with name 'shopme.media-com.mtv.be.core.media.MediaStorageProperties': Could not bind properties to 'MediaStorageProperties' : prefix=shopme.media, ignoreInvalidFields=false, ignoreUnknownFields=true"}
{"@timestamp":"2026-06-29T18:36:31.0682204+07:00","level":"INFO","thread_name":"main","logger_name":"org.springframework.orm.jpa.LocalContainerEntityManagerFactoryBean","message":"Closing JPA EntityManagerFactory for persistence unit 'default'"}
{"@timestamp":"2026-06-29T18:36:32.0755081+07:00","level":"WARN","thread_name":"main","logger_name":"zipkin2.reporter.internal.AsyncReporter$BoundedAsyncReporter","message":"Timed out waiting for in-flight spans to send"}
{"@timestamp":"2026-06-29T18:36:32.1097887+07:00","level":"INFO","thread_name":"main","logger_name":"org.springframework.boot.autoconfigure.logging.ConditionEvaluationReportLogger","message":"\r\n\r\nError starting ApplicationContext. To display the condition evaluation report re-run your application with 'debug' enabled."}
{"@timestamp":"2026-06-29T18:36:32.139662+07:00","level":"ERROR","thread_name":"main","logger_name":"org.springframework.boot.diagnostics.LoggingFailureAnalysisReporter","message":"\r\n\r\n***************************\r\nAPPLICATION FAILED TO START\r\n***************************\r\n\r\nDescription:\r\n\r\nBinding to target com.mtv.be.core.media.MediaStorageProperties failed:\r\n\r\n    Property: shopme.media.secretKey\r\n    Value: \"\"\r\n    Origin: class path resource [application.yml] from shopme-app-0.0.1-SNAPSHOT.jar - 103:17\r\n    Reason: MinIO secret key must be configured\r\n\r\n    Property: shopme.media.accessKey\r\n    Value: \"\"\r\n    Origin: class path resource [application.yml] from shopme-app-0.0.1-SNAPSHOT.jar - 102:17\r\n    Reason: MinIO access key must be configured\r\n\r\n\r\nAction:\r\n\r\nUpdate your application's configuration\r\n"}
